<?xml version="1.0" encoding="UTF-8"?>
<!-- Generated by org.testng.reporters.JUnitReportReporter -->
<testsuite hostname="Anusha" failures="0" tests="1" name="practice.Testt.List$CreateOrganizationAllTest" time="13.700" errors="0" timestamp="2024-05-16T15:08:36 IST" skipped="0">
  <testcase classname="practice.Testt.List$CreateOrganizationAllTest" name="createOrg" time="13.700"/>
  <system-out/>
</testsuite> <!-- practice.Testt.List$CreateOrganizationAllTest -->
