<?xml version="1.0" encoding="UTF-8"?>
<!-- Generated by org.testng.reporters.JUnitReportReporter -->
<testsuite hostname="Anusha" failures="0" tests="1" name="com.comcast.crm.contactTest.CreateContactBaseClassTest" time="20.100" errors="0" timestamp="2024-05-15T14:55:19 IST" skipped="0">
  <testcase classname="com.comcast.crm.contactTest.CreateContactBaseClassTest" name="CreateContact" time="20.100"/>
  <system-out/>
</testsuite> <!-- com.comcast.crm.contactTest.CreateContactBaseClassTest -->
