<?xml version="1.0" encoding="UTF-8"?>
<!-- Generated by org.testng.reporters.JUnitReportReporter -->
<testsuite hostname="Anusha" failures="0" tests="1" name="practice.Testt.List" time="33.339" errors="0" timestamp="2024-05-17T12:38:06 IST" skipped="0">
  <testcase classname="practice.Testt.List" name="createOrg" time="33.339"/>
  <system-out/>
</testsuite> <!-- practice.Testt.List -->
