<?xml version="1.0" encoding="UTF-8"?>
<!-- Generated by org.testng.reporters.JUnitReportReporter -->
<testsuite hostname="Anusha" failures="0" tests="1" name="com.comcast.crm.contactTest.CreateContactWithOrgBaseClassTest" time="30.330" errors="0" timestamp="2024-05-15T14:55:19 IST" skipped="0">
  <testcase classname="com.comcast.crm.contactTest.CreateContactWithOrgBaseClassTest" name="createContactWithOrg" time="30.330"/>
  <system-out/>
</testsuite> <!-- com.comcast.crm.contactTest.CreateContactWithOrgBaseClassTest -->
