<?xml version="1.0" encoding="UTF-8"?>
<!-- Generated by org.testng.reporters.JUnitReportReporter -->
<testsuite hostname="Anusha" failures="0" tests="3" name="com.comcast.crm.contactTest.CreateContactAllBaseClassTest" time="47.567" errors="0" timestamp="2024-05-18T12:25:06 IST" skipped="0">
  <testcase classname="com.comcast.crm.contactTest.CreateContactAllBaseClassTest" name="createContactWithOrg" time="21.369"/>
  <system-out/>
  <testcase classname="com.comcast.crm.contactTest.CreateContactAllBaseClassTest" name="createContactWithTime" time="9.116"/>
  <system-out/>
  <testcase classname="com.comcast.crm.contactTest.CreateContactAllBaseClassTest" name="CreateContact" time="17.082"/>
  <system-out/>
</testsuite> <!-- com.comcast.crm.contactTest.CreateContactAllBaseClassTest -->
