<?xml version="1.0" encoding="UTF-8"?>
<!-- Generated by org.testng.reporters.JUnitReportReporter -->
<testsuite hostname="Anusha" failures="0" tests="3" name="practice.Testt.GetProductInfoTest" time="25.063" errors="0" timestamp="2024-05-10T12:25:00 IST" skipped="0">
  <testcase classname="practice.Testt.GetProductInfoTest" name="getProductInfoTest" time="9.643"/>
  <system-out/>
  <testcase classname="practice.Testt.GetProductInfoTest" name="getProductInfoTest" time="8.017"/>
  <system-out/>
  <testcase classname="practice.Testt.GetProductInfoTest" name="getProductInfoTest" time="7.403"/>
  <system-out/>
</testsuite> <!-- practice.Testt.GetProductInfoTest -->
